Build started 27.07.2014 13:48:19.
     1>Project "C:\Users\1\GoogleDrive\c++\projects\tinyPIM\tinyPIM\tinyPIM\tinyPIM.vcxproj" on node 2 (Build target(s)).
     1>ClCompile:
         C:\Program Files (x86)\Microsoft Visual Studio 11.0\VC\bin\CL.exe /c /ZI /nologo /W3 /WX- /sdl /Od /Oy- /D WIN32 /D _DEBUG /D _CONSOLE /D _UNICODE /D UNICODE /Gm /EHsc /RTC1 /MDd /GS /fp:precise /Zc:wchar_t /Zc:forScope /Fo"Debug\\" /Fd"Debug\vc110.pdb" /Gd /TP /analyze- /errorReport:prompt Address.cpp AddressEditor.cpp Editor.cpp Menu.cpp Source.cpp
         Menu.cpp
         Generating Code...
         Skipping... (no relevant changes detected)
         Source.cpp
         Editor.cpp
         AddressEditor.cpp
         Address.cpp
       Link:
         C:\Program Files (x86)\Microsoft Visual Studio 11.0\VC\bin\link.exe /ERRORREPORT:PROMPT /OUT:"C:\Users\1\GoogleDrive\c++\projects\tinyPIM\tinyPIM\Debug\tinyPIM.exe" /INCREMENTAL /NOLOGO kernel32.lib user32.lib gdi32.lib winspool.lib comdlg32.lib advapi32.lib shell32.lib ole32.lib oleaut32.lib uuid.lib odbc32.lib odbccp32.lib /MANIFEST /MANIFESTUAC:"level='asInvoker' uiAccess='false'" /manifest:embed /DEBUG /PDB:"C:\Users\1\GoogleDrive\c++\projects\tinyPIM\tinyPIM\Debug\tinyPIM.pdb" /SUBSYSTEM:CONSOLE /TLBID:1 /DYNAMICBASE /NXCOMPAT /IMPLIB:"C:\Users\1\GoogleDrive\c++\projects\tinyPIM\tinyPIM\Debug\tinyPIM.lib" /MACHINE:X86 Debug\Address.obj
         Debug\AddressBook.obj
         Debug\AddressDisplayList.obj
         Debug\AddressEditor.obj
         Debug\DisplayList.obj
         Debug\Editor.obj
         Debug\Menu.obj
         Debug\Source.obj
         tinyPIM.vcxproj -> C:\Users\1\GoogleDrive\c++\projects\tinyPIM\tinyPIM\Debug\tinyPIM.exe
     1>Done Building Project "C:\Users\1\GoogleDrive\c++\projects\tinyPIM\tinyPIM\tinyPIM\tinyPIM.vcxproj" (Build target(s)).

Build succeeded.

Time Elapsed 00:00:02.37
